<?xml version="1.0" encoding="UTF-8"?>
<!-- Generated by org.testng.reporters.JUnitReportReporter -->
<testsuite hostname="ruvindum" failures="0" tests="1" name="com.smartlk.TestRunner" time="9.922" errors="0" timestamp="2022-08-25T16:23:52 IST" skipped="0">
  <testcase classname="com.smartlk.TestRunner" name="runScenario" time="9.922"/>
  <system-out/>
</testsuite> <!-- com.smartlk.TestRunner -->
